[    0.000000] Initializing cgroup subsys cpuset
[    0.000000] Initializing cgroup subsys cpu
[    0.000000] Initializing cgroup subsys cpuacct
[    0.000000] Linux version 4.4.0-141-generic (buildd@lcy01-amd64-006) (gcc version 5.4.0 20160609 (Ubuntu 5.4.0-6ubuntu1~16.04.10) ) #167-Ubuntu SMP Wed Dec 5 10:40:15 UTC 2018 (Ubuntu 4.4.0-141.167-generic 4.4.162)
[    0.000000] Command line: BOOT_IMAGE=/boot/vmlinuz-4.4.0-141-generic root=UUID=db1ff695-5a6a-4da3-ac65-434f2d99ef16 ro console=tty1 console=ttyS0
[    0.000000] KERNEL supported cpus:
[    0.000000]   Intel GenuineIntel
[    0.000000]   AMD AuthenticAMD
[    0.000000]   Centaur CentaurHauls
[    0.000000] x86/fpu: xstate_offset[2]:  576, xstate_sizes[2]:  256
[    0.000000] x86/fpu: Supporting XSAVE feature 0x01: 'x87 floating point registers'
[    0.000000] x86/fpu: Supporting XSAVE feature 0x02: 'SSE registers'
[    0.000000] x86/fpu: Supporting XSAVE feature 0x04: 'AVX registers'
[    0.000000] x86/fpu: Enabled xstate features 0x7, context size is 832 bytes, using 'standard' format.
[    0.000000] e820: BIOS-provided physical RAM map:
[    0.000000] BIOS-e820: [mem 0x0000000000000000-0x000000000009fbff] usable
[    0.000000] BIOS-e820: [mem 0x000000000009fc00-0x000000000009ffff] reserved
[    0.000000] BIOS-e820: [mem 0x00000000000f0000-0x00000000000fffff] reserved
[    0.000000] BIOS-e820: [mem 0x0000000000100000-0x000000007ffeffff] usable
[    0.000000] BIOS-e820: [mem 0x000000007fff0000-0x000000007fffffff] ACPI data
[    0.000000] BIOS-e820: [mem 0x00000000fec00000-0x00000000fec00fff] reserved
[    0.000000] BIOS-e820: [mem 0x00000000fee00000-0x00000000fee00fff] reserved
[    0.000000] BIOS-e820: [mem 0x00000000fffc0000-0x00000000ffffffff] reserved
[    0.000000] NX (Execute Disable) protection: active
[    0.000000] SMBIOS 2.5 present.
[    0.000000] Hypervisor detected: KVM
[    0.000000] Kernel/User page tables isolation: disabled
[    0.000000] e820: last_pfn = 0x7fff0 max_arch_pfn = 0x400000000
[    0.000000] MTRR: Disabled
[    0.000000] x86/PAT: MTRRs disabled, skipping PAT initialization too.
[    0.000000] CPU MTRRs all blank - virtualized system.
[    0.000000] x86/PAT: Configuration [0-7]: WB  WT  UC- UC  WB  WT  UC- UC  
[    0.000000] found SMP MP-table at [mem 0x0009fff0-0x0009ffff] mapped at [ffff88000009fff0]
[    0.000000] Scanning 1 areas for low memory corruption
[    0.000000] RAMDISK: [mem 0x361ee000-0x370eefff]
[    0.000000] ACPI: Early table checksum verification disabled
[    0.000000] ACPI: RSDP 0x00000000000E0000 000024 (v02 VBOX  )
[    0.000000] ACPI: XSDT 0x000000007FFF0030 00003C (v01 VBOX   VBOXXSDT 00000001 ASL  00000061)
[    0.000000] ACPI: FACP 0x000000007FFF00F0 0000F4 (v04 VBOX   VBOXFACP 00000001 ASL  00000061)
[    0.000000] ACPI: DSDT 0x000000007FFF0470 0021FF (v02 VBOX   VBOXBIOS 00000002 INTL 20100528)
[    0.000000] ACPI: FACS 0x000000007FFF0200 000040
[    0.000000] ACPI: FACS 0x000000007FFF0200 000040
[    0.000000] ACPI: APIC 0x000000007FFF0240 000054 (v02 VBOX   VBOXAPIC 00000001 ASL  00000061)
[    0.000000] ACPI: SSDT 0x000000007FFF02A0 0001CC (v01 VBOX   VBOXCPUT 00000002 INTL 20100528)
[    0.000000] No NUMA configuration found
[    0.000000] Faking a node at [mem 0x0000000000000000-0x000000007ffeffff]
[    0.000000] NODE_DATA(0) allocated [mem 0x7ffeb000-0x7ffeffff]
[    0.000000] kvm-clock: Using msrs 4b564d01 and 4b564d00
[    0.000000] kvm-clock: cpu 0, msr 0:7ffe3001, primary cpu clock
[    0.000000] kvm-clock: using sched offset of 13783105017 cycles
[    0.000000] clocksource: kvm-clock: mask: 0xffffffffffffffff max_cycles: 0x1cd42e4dffb, max_idle_ns: 881590591483 ns
[    0.000000] Zone ranges:
[    0.000000]   DMA      [mem 0x0000000000001000-0x0000000000ffffff]
[    0.000000]   DMA32    [mem 0x0000000001000000-0x000000007ffeffff]
[    0.000000]   Normal   empty
[    0.000000]   Device   empty
[    0.000000] Movable zone start for each node
[    0.000000] Early memory node ranges
[    0.000000]   node   0: [mem 0x0000000000001000-0x000000000009efff]
[    0.000000]   node   0: [mem 0x0000000000100000-0x000000007ffeffff]
[    0.000000] Initmem setup node 0 [mem 0x0000000000001000-0x000000007ffeffff]
[    0.000000] ACPI: PM-Timer IO Port: 0x4008
[    0.000000] IOAPIC[0]: apic_id 1, version 32, address 0xfec00000, GSI 0-23
[    0.000000] ACPI: INT_SRC_OVR (bus 0 bus_irq 0 global_irq 2 dfl dfl)
[    0.000000] ACPI: INT_SRC_OVR (bus 0 bus_irq 9 global_irq 9 low level)
[    0.000000] Using ACPI (MADT) for SMP configuration information
[    0.000000] smpboot: Allowing 1 CPUs, 0 hotplug CPUs
[    0.000000] PM: Registered nosave memory: [mem 0x00000000-0x00000fff]
[    0.000000] PM: Registered nosave memory: [mem 0x0009f000-0x0009ffff]
[    0.000000] PM: Registered nosave memory: [mem 0x000a0000-0x000effff]
[    0.000000] PM: Registered nosave memory: [mem 0x000f0000-0x000fffff]
[    0.000000] e820: [mem 0x80000000-0xfebfffff] available for PCI devices
[    0.000000] Booting paravirtualized kernel on KVM
[    0.000000] clocksource: refined-jiffies: mask: 0xffffffff max_cycles: 0xffffffff, max_idle_ns: 7645519600211568 ns
[    0.000000] setup_percpu: NR_CPUS:512 nr_cpumask_bits:512 nr_cpu_ids:1 nr_node_ids:1
[    0.000000] PERCPU: Embedded 34 pages/cpu @ffff88007fc00000 s99608 r8192 d31464 u2097152
[    0.000000] PV qspinlock hash table entries: 256 (order: 0, 4096 bytes)
[    0.000000] Built 1 zonelists in Node order, mobility grouping on.  Total pages: 515960
[    0.000000] Policy zone: DMA32
[    0.000000] Kernel command line: BOOT_IMAGE=/boot/vmlinuz-4.4.0-141-generic root=UUID=db1ff695-5a6a-4da3-ac65-434f2d99ef16 ro console=tty1 console=ttyS0
[    0.000000] PID hash table entries: 4096 (order: 3, 32768 bytes)
[    0.000000] Memory: 2029468K/2096696K available (8568K kernel code, 1314K rwdata, 4008K rodata, 1528K init, 1316K bss, 67228K reserved, 0K cma-reserved)
[    0.000000] SLUB: HWalign=64, Order=0-3, MinObjects=0, CPUs=1, Nodes=1
[    0.000000] Hierarchical RCU implementation.
[    0.000000] 	Build-time adjustment of leaf fanout to 64.
[    0.000000] 	RCU restricting CPUs from NR_CPUS=512 to nr_cpu_ids=1.
[    0.000000] RCU: Adjusting geometry for rcu_fanout_leaf=64, nr_cpu_ids=1
[    0.000000] NR_IRQS:33024 nr_irqs:256 16
[    0.000000] Console: colour VGA+ 80x25
[    0.000000] console [tty1] enabled
[    0.000000] console [ttyS0] enabled
[    0.000000] tsc: Detected 1996.271 MHz processor
[    2.665727] Calibrating delay loop (skipped) preset value.. 3992.54 BogoMIPS (lpj=7985084)
[    2.687907] pid_max: default: 32768 minimum: 301
[    2.701483] ACPI: Core revision 20150930
[    2.708368] ACPI: 2 ACPI AML tables successfully acquired and loaded
[    2.736208] Security Framework initialized
[    2.742842] Yama: becoming mindful.
[    2.744509] AppArmor: AppArmor initialized
[    2.748106] Dentry cache hash table entries: 262144 (order: 9, 2097152 bytes)
[    2.768629] Inode-cache hash table entries: 131072 (order: 8, 1048576 bytes)
[    2.783252] Mount-cache hash table entries: 4096 (order: 3, 32768 bytes)
[    2.807468] Mountpoint-cache hash table entries: 4096 (order: 3, 32768 bytes)
[    2.812219] Initializing cgroup subsys io
[    2.813839] Initializing cgroup subsys memory
[    2.840390] Initializing cgroup subsys devices
[    2.871944] Initializing cgroup subsys freezer
[    2.891852] Initializing cgroup subsys net_cls
[    2.893639] Initializing cgroup subsys perf_event
[    2.895500] Initializing cgroup subsys net_prio
[    2.940080] Initializing cgroup subsys hugetlb
[    2.950084] Initializing cgroup subsys pids
[    2.961448] mce: CPU supports 0 MCE banks
[    2.963305] Last level iTLB entries: 4KB 512, 2MB 1024, 4MB 512
[    2.967392] Last level dTLB entries: 4KB 1024, 2MB 1024, 4MB 512, 1GB 0
[    2.977461] Spectre V2 : Spectre mitigation: LFENCE not serializing. Switching to generic retpoline
[    3.025906] Spectre V2 : Mitigation: Full generic retpoline
[    3.028002] Spectre V2 : Spectre v2 mitigation: Speculation control IBPB not-supported IBRS not-supported
[    3.031509] Spectre Spectre v2 / SpectreRSB mitigation: Filling RSB on context switch
[    3.194702] Speculative Store Bypass: Mitigation: Speculative Store Bypass disabled via prctl and seccomp
[    3.242342] Freeing SMP alternatives memory: 32K
[    3.304929] ftrace: allocating 32291 entries in 127 pages
[    3.437339] smpboot: APIC(0) Converting physical 0 to logical package 0
[    3.456541] smpboot: Max logical packages: 1
[    3.458710] x2apic enabled
[    3.460476] Switched APIC routing to physical x2apic.
[    3.592898] ..TIMER: vector=0x30 apic1=0 pin1=2 apic2=-1 pin2=-1
[    3.790900] smpboot: CPU0: AMD A10-4655M APU with Radeon(tm) HD Graphics (family: 0x15, model: 0x10, stepping: 0x1)
[    3.865983] Performance Events: Broken PMU hardware detected, using software events only.
[    3.896206] Failed to access perfctr msr (MSR c0010007 is 0)
[    3.905620] KVM setup paravirtual spinlock
[    3.927080] x86: Booted up 1 node, 1 CPUs
[    3.928736] smpboot: Total of 1 processors activated (3992.54 BogoMIPS)
[    3.985290] devtmpfs: initialized
[    3.993071] evm: security.selinux
[    3.994484] evm: security.SMACK64
[    3.998910] evm: security.SMACK64EXEC
[    4.039824] evm: security.SMACK64TRANSMUTE
[    4.049189] evm: security.SMACK64MMAP
[    4.056450] evm: security.ima
[    4.087690] evm: security.capability
[    4.089932] clocksource: jiffies: mask: 0xffffffff max_cycles: 0xffffffff, max_idle_ns: 7645041785100000 ns
[    4.122446] futex hash table entries: 256 (order: 2, 16384 bytes)
[    4.130564] pinctrl core: initialized pinctrl subsystem
[    4.145531] RTC time: 16:58:28, date: 12/25/18
[    4.149376] NET: Registered protocol family 16
[    4.170759] cpuidle: using governor ladder
[    4.175358] cpuidle: using governor menu
[    4.176995] PCCT header not found.
[    4.178899] ACPI: bus type PCI registered
[    4.180606] acpiphp: ACPI Hot Plug PCI Controller Driver version: 0.5
[    4.189903] PCI: Using configuration type 1 for base access
[    4.198411] PCI: Using configuration type 1 for extended access
[    4.211585] ACPI: Added _OSI(Module Device)
[    4.218231] ACPI: Added _OSI(Processor Device)
[    4.220025] ACPI: Added _OSI(3.0 _SCP Extensions)
[    4.222092] ACPI: Added _OSI(Processor Aggregator Device)
[    4.241136] ACPI: Executed 1 blocks of module-level executable AML code
[    4.246982] ACPI: Interpreter enabled
[    4.248608] ACPI: (supports S0 S5)
[    4.259037] ACPI: Using IOAPIC for interrupt routing
[    4.261197] PCI: Using host bridge windows from ACPI; if necessary, use "pci=nocrs" and report a bug
[    4.270916] ACPI: PCI Root Bridge [PCI0] (domain 0000 [bus 00-ff])
[    4.275532] acpi PNP0A03:00: _OSC: OS supports [ExtendedConfig ASPM ClockPM Segments MSI]
[    4.280271] acpi PNP0A03:00: _OSC: OS now controls [PCIeHotplug PME AER PCIeCapability]
[    4.290637] PCI host bridge to bus 0000:00
[    4.292254] pci_bus 0000:00: root bus resource [io  0x0000-0x0cf7 window]
[    4.294695] pci_bus 0000:00: root bus resource [io  0x0d00-0xffff window]
[    4.297181] pci_bus 0000:00: root bus resource [mem 0x000a0000-0x000bffff window]
[    4.328108] pci_bus 0000:00: root bus resource [mem 0x80000000-0xfdffffff window]
[    4.342688] pci_bus 0000:00: root bus resource [bus 00-ff]
[    4.416908] pci 0000:00:01.1: legacy IDE quirk: reg 0x10: [io  0x01f0-0x01f7]
[    4.421384] pci 0000:00:01.1: legacy IDE quirk: reg 0x14: [io  0x03f6]
[    4.441595] pci 0000:00:01.1: legacy IDE quirk: reg 0x18: [io  0x0170-0x0177]
[    4.446680] pci 0000:00:01.1: legacy IDE quirk: reg 0x1c: [io  0x0376]
[    4.518795] pci 0000:00:07.0: quirk: [io  0x4000-0x403f] claimed by PIIX4 ACPI
[    4.632864] pci 0000:00:07.0: quirk: [io  0x4100-0x410f] claimed by PIIX4 SMB
[    4.692536] ACPI: PCI Interrupt Link [LNKA] (IRQs 5 9 10 *11)
[    4.719893] ACPI: PCI Interrupt Link [LNKB] (IRQs 5 9 *10 11)
[    4.795339] ACPI: PCI Interrupt Link [LNKC] (IRQs 5 *9 10 11)
[    4.828226] ACPI: PCI Interrupt Link [LNKD] (IRQs 5 9 10 *11)
[    4.831462] ACPI: Enabled 2 GPEs in block 00 to 07
[    4.862271] vgaarb: setting as boot device: PCI:0000:00:02.0
[    4.894934] vgaarb: device added: PCI:0000:00:02.0,decodes=io+mem,owns=io+mem,locks=none
[    4.907518] vgaarb: loaded
[    4.909129] vgaarb: bridge control possible 0000:00:02.0
[    4.921870] SCSI subsystem initialized
[    4.925249] ACPI: bus type USB registered
[    4.942531] usbcore: registered new interface driver usbfs
[    4.944976] usbcore: registered new interface driver hub
[    4.952097] usbcore: registered new device driver usb
[    4.956032] PCI: Using ACPI for IRQ routing
[    4.969335] NetLabel: Initializing
[    4.973930] NetLabel:  domain hash size = 128
[    4.975798] NetLabel:  protocols = UNLABELED CIPSOv4
[    5.003456] NetLabel:  unlabeled traffic allowed by default
[    5.018676] amd_nb: Cannot enumerate AMD northbridges
[    5.030793] clocksource: Switched to clocksource kvm-clock
[    5.076131] AppArmor: AppArmor Filesystem Enabled
[    5.088936] pnp: PnP ACPI init
[    5.091691] pnp: PnP ACPI: found 3 devices
[    5.100389] clocksource: acpi_pm: mask: 0xffffff max_cycles: 0xffffff, max_idle_ns: 2085701024 ns
[    5.143823] NET: Registered protocol family 2
[    5.156513] TCP established hash table entries: 16384 (order: 5, 131072 bytes)
[    5.159600] TCP bind hash table entries: 16384 (order: 6, 262144 bytes)
[    5.162194] TCP: Hash tables configured (established 16384 bind 16384)
[    5.164825] UDP hash table entries: 1024 (order: 3, 32768 bytes)
[    5.173899] UDP-Lite hash table entries: 1024 (order: 3, 32768 bytes)
[    5.176474] NET: Registered protocol family 1
[    5.185034] pci 0000:00:00.0: Limiting direct PCI/PCI transfers
[    5.187313] pci 0000:00:01.0: Activating ISA DMA hang workarounds
[    5.189931] Unpacking initramfs...
[    5.628434] Freeing initrd memory: 15364K
[    5.641092] platform rtc_cmos: registered platform RTC device (no PNP device found)
[    5.659441] Scanning for low memory corruption every 60 seconds
[    5.683926] audit: initializing netlink subsys (disabled)
[    5.721235] audit: type=2000 audit(1545757121.957:1): initialized
[    5.764236] Initialise system trusted keyring
[    5.787850] HugeTLB registered 2 MB page size, pre-allocated 0 pages
[    5.805299] zbud: loaded
[    5.814671] VFS: Disk quotas dquot_6.6.0
[    5.817979] VFS: Dquot-cache hash table entries: 512 (order 0, 4096 bytes)
[    5.865014] squashfs: version 4.0 (2009/01/31) Phillip Lougher
[    5.898776] fuse init (API version 7.23)
[    5.909569] Key type big_key registered
[    5.924340] Allocating IMA MOK and blacklist keyrings.
[    5.930960] Key type asymmetric registered
[    5.944586] Asymmetric key parser 'x509' registered
[    5.958534] Block layer SCSI generic (bsg) driver version 0.4 loaded (major 249)
[    5.972870] io scheduler noop registered
[    5.996752] io scheduler deadline registered (default)
[    6.010740] io scheduler cfq registered
[    6.035984] pci_hotplug: PCI Hot Plug PCI Core version: 0.5
[    6.042115] pciehp: PCI Express Hot Plug Controller Driver version: 0.4
[    6.045632] ACPI: AC Adapter [AC] (on-line)
[    6.057793] input: Power Button as /devices/LNXSYSTM:00/LNXPWRBN:00/input/input0
[    6.071208] ACPI: Power Button [PWRF]
[    6.076846] input: Sleep Button as /devices/LNXSYSTM:00/LNXSLPBN:00/input/input1
[    6.085091] ACPI: Sleep Button [SLPF]
[    6.089901] GHES: HEST is not enabled!
[    6.097858] Serial: 8250/16550 driver, 32 ports, IRQ sharing enabled
[    6.126186] 00:02: ttyS0 at I/O 0x3f8 (irq = 4, base_baud = 115200) is a 16550A
[    6.165652] Linux agpgart interface v0.103
[    6.173428] loop: module loaded
[    6.178772] scsi host0: ata_piix
[    6.184662] scsi host1: ata_piix
[    6.211851] ata1: PATA max UDMA/33 cmd 0x1f0 ctl 0x3f6 bmdma 0xd000 irq 14
[    6.214407] ata2: PATA max UDMA/33 cmd 0x170 ctl 0x376 bmdma 0xd008 irq 15
[    6.237687] libphy: Fixed MDIO Bus: probed
[    6.243745] tun: Universal TUN/TAP device driver, 1.6
[    6.245687] tun: (C) 1999-2004 Max Krasnyansky <maxk@qualcomm.com>
[    6.249893] PPP generic driver version 2.4.2
[    6.271622] ehci_hcd: USB 2.0 'Enhanced' Host Controller (EHCI) Driver
[    6.281692] ehci-pci: EHCI PCI platform driver
[    6.301969] ehci-platform: EHCI generic platform driver
[    6.304056] ohci_hcd: USB 1.1 'Open' Host Controller (OHCI) Driver
[    6.306255] ohci-pci: OHCI PCI platform driver
[    6.307980] ohci-platform: OHCI generic platform driver
[    6.310006] uhci_hcd: USB Universal Host Controller Interface driver
[    6.312653] i8042: PNP: PS/2 Controller [PNP0303:PS2K,PNP0f03:PS2M] at 0x60,0x64 irq 1,12
[    6.323572] serio: i8042 KBD port at 0x60,0x64 irq 1
[    6.341034] serio: i8042 AUX port at 0x60,0x64 irq 12
[    6.343705] mousedev: PS/2 mouse device common for all mice
[    6.387721] input: AT Translated Set 2 keyboard as /devices/platform/i8042/serio0/input/input2
[    6.403904] rtc_cmos rtc_cmos: rtc core: registered rtc_cmos as rtc0
[    6.444562] rtc_cmos rtc_cmos: alarms up to one day, 114 bytes nvram
[    6.448598] i2c /dev entries driver
[    6.472407] device-mapper: uevent: version 1.0.3
[    6.474440] device-mapper: ioctl: 4.34.0-ioctl (2015-10-28) initialised: dm-devel@redhat.com
[    6.499762] ledtrig-cpu: registered to indicate activity on CPUs
[    6.518119] NET: Registered protocol family 10
[    6.530091] NET: Registered protocol family 17
[    6.546725] Key type dns_resolver registered
[    6.559767] registered taskstats version 1
[    6.600037] Loading compiled-in X.509 certificates
[    6.614887] Loaded X.509 cert 'Build time autogenerated kernel key: 7c9fb337b82e5a343493fe891c556beae1895c7c'
[    6.640827] tsc: Refined TSC clocksource calibration: 1986.073 MHz
[    6.643217] clocksource: tsc: mask: 0xffffffffffffffff max_cycles: 0x39419413ffb, max_idle_ns: 881590725398 ns
[    6.647205] zswap: loaded using pool lzo/zbud
[    6.652168] Key type trusted registered
[    6.664868] Key type encrypted registered
[    6.684194] AppArmor: AppArmor sha1 policy hashing enabled
[    6.707635] ima: No TPM chip found, activating TPM-bypass!
[    6.709798] ima: Allocated hash algorithm: sha1
[    6.711829] evm: HMAC attrs: 0x1
[    6.734695]   Magic number: 14:57:996
[    6.761149] rtc_cmos rtc_cmos: setting system clock to 2018-12-25 16:58:31 UTC (1545757111)
[    6.767348] BIOS EDD facility v0.16 2004-Jun-25, 0 devices found
[    6.779473] EDD information not available.
[    6.790564] Freeing unused kernel memory: 1528K
[    6.847366] Write protecting the kernel read-only data: 14336k
[    6.854757] Freeing unused kernel memory: 1660K
[    6.870520] Freeing unused kernel memory: 88K
Loading, please wait...
starting version[    6.901881] random: udevadm: uninitialized urandom read (16 bytes read, 3 bits of entropy available)
 229
[    6.974655] random: systemd-udevd: uninitialized urandom read (16 bytes read, 3 bits of entropy available)
[    6.999791] random: systemd-udevd: uninitialized urandom read (16 bytes read, 3 bits of entropy available)
[    7.027365] random: systemd-udevd: uninitialized urandom read (16 bytes read, 3 bits of entropy available)
[    7.053534] random: udevadm: uninitialized urandom read (16 bytes read, 3 bits of entropy available)
[    7.077552] random: systemd-udevd: uninitialized urandom read (16 bytes read, 3 bits of entropy available)
[    7.142541] random: udevadm: uninitialized urandom read (16 bytes read, 3 bits of entropy available)
[    7.171891] random: systemd-udevd: uninitialized urandom read (16 bytes read, 3 bits of entropy available)
[    7.190950] random: systemd-udevd: uninitialized urandom read (16 bytes read, 3 bits of entropy available)
[    7.195041] random: systemd-udevd: uninitialized urandom read (16 bytes read, 3 bits of entropy available)
[    7.334379] e1000: Intel(R) PRO/1000 Network Driver - version 7.3.21-k8-NAPI
[    7.369666] e1000: Copyright (c) 1999-2006 Intel Corporation.
[    7.429285] Fusion MPT base driver 3.04.20
[    7.449439] Copyright (c) 1999-2008 LSI Corporation
[    7.601854] AVX version of gcm_enc/dec engaged.
[    7.614671] AES CTR mode by8 optimization enabled
[    7.649751] Fusion MPT SPI Host driver 3.04.20
[    7.726923] input: ImExPS/2 Generic Explorer Mouse as /devices/platform/i8042/serio1/input/input4
[    8.175302] e1000 0000:00:03.0 eth0: (PCI:33MHz:32-bit) 02:98:04:f8:6e:63
[    8.225488] e1000 0000:00:03.0 eth0: Intel(R) PRO/1000 Network Connection
[    8.243742] e1000 0000:00:03.0 enp0s3: renamed from eth0
[    8.275986] mptbase: ioc0: Initiating bringup
[    8.343634] ioc0: LSI53C1030 A0: Capabilities={Initiator}
[    8.533983] scsi host2: ioc0: LSI53C1030 A0, FwRev=00000000h, Ports=1, MaxQ=256, IRQ=20
[    8.668153] scsi 2:0:0:0: Direct-Access     VBOX     HARDDISK         1.0  PQ: 0 ANSI: 5
[    8.680467] scsi target2:0:0: Beginning Domain Validation
[    8.691053] scsi target2:0:0: Domain Validation skipping write tests
[    8.704875] scsi target2:0:0: Ending Domain Validation
[    8.721473] scsi target2:0:0: asynchronous
[    8.772675] scsi 2:0:1:0: Direct-Access     VBOX     HARDDISK         1.0  PQ: 0 ANSI: 5
[    8.818234] scsi target2:0:1: Beginning Domain Validation
[    8.874168] scsi target2:0:1: Domain Validation skipping write tests
[    8.891257] scsi target2:0:1: Ending Domain Validation
[    8.895419] scsi target2:0:1: asynchronous
[    8.909371] sd 2:0:0:0: Attached scsi generic sg0 type 0
[    8.953889] sd 2:0:0:0: [sda] 20971520 512-byte logical blocks: (10.7 GB/10.0 GiB)
[    8.964121] sd 2:0:0:0: [sda] Write Protect is off
[    8.978108] sd 2:0:1:0: [sdb] 20480 512-byte logical blocks: (10.5 MB/10.0 MiB)
[    9.024102] sd 2:0:1:0: Attached scsi generic sg1 type 0
[    9.050548] sd 2:0:0:0: [sda] Incomplete mode parameter data
[    9.054613] sd 2:0:0:0: [sda] Assuming drive cache: write through
[    9.065291] sd 2:0:1:0: [sdb] Write Protect is off
[    9.076988] sd 2:0:1:0: [sdb] Incomplete mode parameter data
[    9.079153] sd 2:0:1:0: [sdb] Assuming drive cache: write through
[    9.120326]  sda: sda1
[    9.187637] sd 2:0:0:0: [sda] Attached SCSI disk
[    9.235665] sd 2:0:1:0: [sdb] Attached SCSI disk
Begin: Loading e[   11.058417] md: linear personality registered for level -1
ssential drivers ... [   11.104168] md: multipath personality registered for level -4
[   11.145608] md: raid0 personality registered for level 0
[   11.169835] md: raid1 personality registered for level 1
[   11.251196] raid6: sse2x1   gen()  3460 MB/s
[   11.375276] raid6: sse2x1   xor()  2693 MB/s
[   11.474847] raid6: sse2x2   gen()  5912 MB/s
[   11.571565] raid6: sse2x2   xor()  3750 MB/s
[   11.647642] raid6: sse2x4   gen()  6834 MB/s
[   11.727738] raid6: sse2x4   xor()  2562 MB/s
[   11.750102] raid6: using algorithm sse2x4 gen() 6834 MB/s
[   11.754503] raid6: .... xor() 2562 MB/s, rmw enabled
[   11.765718] raid6: using ssse3x2 recovery algorithm
[   11.778794] xor: automatically using best checksumming function:
[   11.827404]    avx       :  3029.000 MB/sec
[   11.847663] async_tx: api initialized (async)
[   11.885179] md: raid6 personality registered for level 6
[   11.916570] md: raid5 personality registered for level 5
[   11.922790] md: raid4 personality registered for level 4
[   11.949280] md: raid10 personality registered for level 10
done.
Begin: Running /scripts/init-premount ... done.
Begin: Mounting root file system ... Begin: Running /scripts/local-top ... done.
Begin: Running /scripts/local-premount ... [   12.027357] Btrfs loaded
Scanning for Btrfs filesystems
done.
Warning: fsck not present, so skipping root file system
[   12.436188] EXT4-fs (sda1): mounted filesystem with ordered data mode. Opts: (null)
done.
Begin: Running /scripts/local-bottom ... done.
Begin: Running /scripts/init-bottom ... done.
[   13.604061] random: nonblocking pool is initialized
[   16.698518] systemd[1]: systemd 229 running in system mode. (+PAM +AUDIT +SELINUX +IMA +APPARMOR +SMACK +SYSVINIT +UTMP +LIBCRYPTSETUP +GCRYPT +GNUTLS +ACL +XZ -LZ4 +SECCOMP +BLKID +ELFUTILS +KMOD -IDN)
[   16.739634] systemd[1]: Detected virtualization oracle.
[   16.785841] systemd[1]: Detected architecture x86-64.

Welcome to [1mUbuntu 16.04.5 LTS[0m!

[   17.027736] systemd[1]: Set hostname to <ubuntu-xenial>.
[   21.748172] systemd[1]: Listening on /dev/initctl Compatibility Named Pipe.
[[0;32m  OK  [0m] Listening on /dev/initctl Compatibility Named Pipe.
[   21.876064] systemd[1]: Listening on LVM2 poll daemon socket.
[[0;32m  OK  [0m] Listening on LVM2 poll daemon socket.
[   21.912253] systemd[1]: syslog.socket: Socket service syslog.service not loaded, refusing.
[   21.928831] systemd[1]: Failed to listen on Syslog Socket.
[[0;1;31mFAILED[0m] Failed to listen on Syslog Socket.
See 'systemctl status syslog.socket' for details.
[   22.001842] systemd[1]: Reached target System Time Synchronized.
[[0;32m  OK  [0m] Reached target System Time Synchronized.
[   22.032198] systemd[1]: Reached target Swap.
[[0;32m  OK  [0m] Reached target Swap.
[   22.124930] systemd[1]: Created slice System Slice.
[[0;32m  OK  [0m] Created slice System Slice.
[   22.179811] systemd[1]: Listening on Journal Audit Socket.
[[0;32m  OK  [0m] Listening on Journal Audit Socket.
[   22.227527] systemd[1]: Reached target User and Group Name Lookups.
[[0;32m  OK  [0m] Reached target User and Group Name Lookups.
[   22.272107] systemd[1]: Listening on LVM2 metadata daemon socket.
[[0;32m  OK  [0m] Listening on LVM2 metadata daemon socket.
[   22.328252] systemd[1]: Created slice User and Session Slice.
[[0;32m  OK  [0m] Created slice User and Session Slice.
[   22.364174] systemd[1]: Reached target Slices.
[[0;32m  OK  [0m] Reached target Slices.
[   22.387735] systemd[1]: Listening on Journal Socket.
[[0;32m  OK  [0m] Listening on Journal Socket.
[   22.421304] systemd[1]: Starting Remount Root and Kernel File Systems...
         Starting Remount Root and Kernel File Systems...
[   22.437060] systemd[1]: Starting Nameserver information manager...
         Starting Nameserver information manager...
[   22.472739] systemd[1]: Mounting Debug File System...
         Mounting Debug File System...
[   22.501632] systemd[1]: Starting Set console keymap...
         Starting Set console keymap...
[   22.547641] systemd[1]: Started Trigger resolvconf update for networkd DNS.
[[0;32m  OK  [0m] Started Trigger resolvconf update for networkd DNS.
[   22.584558] systemd[1]: Listening on Journal Socket (/dev/log).
[[0;32m  OK  [0m] Listening on Journal Socket (/dev/log).
[   22.624961] systemd[1]: Starting Journal Service...
         Starting Journal Service...
[   22.767791] systemd[1]: Starting Load Kernel Modules...
         Starting Load Ke[   22.846998] EXT4-fs (sda1): re-mounted. Opts: (null)
rnel Modules...
[   22.853219] systemd[1]: Started Forward Password Requests to Wall Directory Watch.
[[0;32m  OK  [0m] Started Forward Password Requests to Wall Directory Watch.
[   22.899280] systemd[1]: Reached target Encrypted Volumes.
[[0;32m  OK  [0m] Reached target Encrypted Volumes.
[   22.929054] systemd[1]: Mounting POSIX Message Queue File System...
         Mounting POSIX Message Queue File System...
[   22.972422] systemd[1]: Created slice system-serial\x2dgetty.slice.
[[0;32m  OK  [0m] Created slice system-serial\x2dgetty.slice.
[   23.004481] systemd[1]: Starting Uncomplicated firewall...
         Starting Uncomplicated firewall...
[   23.043392] systemd[1]: Listening on udev Control Socket.
[[0;32m  OK  [0m] Listening on udev Control Socket.
[   23.084413] systemd[1]: Starting Create list of required static device nodes for the current kernel...
         Starting Create list of required st... nodes for the current kernel...
[   23.132829] systemd[1]: Mounting Huge Pages File System...
         Mounting Huge Pages File System...
[   23.161312] systemd[1]: Listening on udev Kernel Socket.
[   23.177673] Loading iSCSI transport class v2.0-870.
[[0;32m  OK  [0m] Listening on udev Kernel Socket.
[   23.212026] systemd[1]: Listening on Device-mapper event daemon FIFOs.
[[0;32m  OK  [0m] Listening on Device-mapper event daemon FIFOs.
[   23.293437] systemd[1]: Starting Monitoring of LVM2 mirrors, snapshots etc. using dmeventd or progress polling...
[   23.373388] iscsi: registered transport (tcp)
         Starting Monitoring of LVM2 mirrors... dmeventd or progress polling...
[   23.384051] systemd[1]: Set up automount Arbitrary Executable File Formats File System Automount Point.
[[0;32m  OK  [0m] Set up automount Arbitrary Executab...ats File System Automount Point.
[   23.449415] systemd[1]: Mounted Huge Pages File System.
[[0;32m  OK  [0m] Mounted Huge Pages File System.
[   23.476618] systemd[1]: Mounted POSIX Message Queue File System.
[[0;32m  OK  [0m] Mounted POSIX Message Queue File System.
[   23.499954] systemd[1]: Mounted Debug File System.
[[0;32m  OK  [0m] Mounted Debug File System.
[   23.532389] systemd[1]: Started Journal Service.
[[0;32m  OK  [0m] Started Journal Service.
[[0;32m  OK  [0m] Started Remount Root and Kernel File Systems.
[[0;32m  OK  [0m] Started Set console keymap.
[[0;32m  OK  [0m] Started Uncomplicated firewall.
[[0;32m  OK  [0m] Started Create list of required sta...ce nodes for the current kernel.
[[0;32m  OK  [0m] Started Nameserver information manager.
         Starting Create Static Device Nodes in /dev...
         Starting udev Coldplug all Devices...
         Starting Load/Save Random Seed...
         Starting Flush Journal to Persistent Storage...
[   23.946326] systemd-journald[392]: Received request to flush runtime journal from PID 1
[[0;32m  OK  [0m] Started Load/Save Random Seed.
[[0;32m  OK  [0m] Started Flush Journal to Persistent Storage.
[[0;32m  OK  [0m] Started LVM2 metadata daemon.
[[0;32m  OK  [0m] Started udev Coldplug all Devices.
[   24.362091] iscsi: registered transport (iser)
[[0;32m  OK  [0m] Started Load Kernel Modules.
         Starting Apply Kernel Variables...
         Mounting FUSE Control File System...
[[0;32m  OK  [0m] Mounted FUSE Control File System.
[[0;32m  OK  [0m] Started Create Static Device Nodes in /dev.
         Starting udev Kernel Device Manager...
[[0;32m  OK  [0m] Started Apply Kernel Variables.
[[0;32m  OK  [0m] Started Monitoring of LVM2 mirrors,...ng dmeventd or progress polling.
[[0;32m  OK  [0m] Reached target Local File Systems (Pre).
[[0;32m  OK  [0m] Reached target Local File Systems.
         Starting Initial cloud-init job (pre-networking)...
         Starting Tell Plymouth To Write Out Runtime Data...
         Starting Create Volatile Files and Directories...
         Starting Set console font and keymap...
         Starting LSB: AppArmor initialization...
[[0;32m  OK  [0m] Started Tell Plymouth To Write Out Runtime Data.
[[0;32m  OK  [0m] Started udev Kernel Device Manager.
[[0;32m  OK  [0m] Started Dispatch Password Requests to Console Directory Watch.
[[0;32m  OK  [0m] Started Create Volatile Files and Directories.
         Starting Update UTMP about System Boot/Shutdown...
[[0;32m  OK  [0m] Started Update UTMP about System Boot/Shutdown.
[[0;32m  OK  [0m] Found device /dev/ttyS0.
[[0;32m  OK  [0m] Listening on Load/Save RF Kill Switch Status /dev/rfkill Watch.
[[0;32m  OK  [0m] Found device 82540EM Gigabit Ethern...r (PRO/1000 MT Desktop Adapter).
[[0;32m  OK  [0m] Started Set console font and keymap.
[[0;32m  OK  [0m] Created slice system-getty.slice.
[[0;32m  OK  [0m] Started LSB: AppArmor initialization.
[   29.114091] cloud-init[483]: Cloud-init v. 18.4-0ubuntu1~16.04.2 running 'init-local' at Tue, 25 Dec 2018 16:58:57 +0000. Up 28.08 seconds.
[[0;32m  OK  [0m] Started Initial cloud-init job (pre-networking).
[[0;32m  OK  [0m] Reached target Network (Pre).
         Starting Raise network interfaces...
[[0;32m  OK  [0m] Started ifup for enp0s3.
[[0;32m  OK  [0m] Started Raise network interfaces.
         Starting Initial cloud-init job (metadata service crawler)...
[[0;32m  OK  [0m] Reached target Network.
[   31.471736] cloud-init[1002]: Cloud-init v. 18.4-0ubuntu1~16.04.2 running 'init' at Tue, 25 Dec 2018 16:58:59 +0000. Up 30.37 seconds.
[   31.517627] cloud-init[1002]: ci-info: +++++++++++++++++++++++++++++++++++++Net device info++++++++++++++++++++++++++++++++++++++
[   31.552720] cloud-init[1002]: ci-info: +--------+------+---------------------------+---------------+--------+-------------------+
[   31.597757] cloud-init[1002]: ci-info: | Device |  Up  |          Address          |      Mask     | Scope  |     Hw-Address    |
[[0;32m  OK  [0m] Started Initial cloud-init job (metadata service crawler).
[   31.692478] cloud-init[1002]: ci-info: +--------+------+---------------------------+---------------+--------+-------------------+
[   31.746979] cloud-init[1002]: ci-info: | enp0s3 | True |         10.0.2.15         | 255.255.255.0 | global | 02:98:04:f8:6e:63 |
[   31.789587] cloud-init[1002]: ci-info: | enp0s3 | True | fe80::98:4ff:fef8:6e63/64 |       .       |  link  | 02:98:04:f8:6e:63 |
[   31.832441] cloud-init[1002]: ci-info: |   lo   | True |         127.0.0.1         |   255.0.0.0   |  host  |         .         |
[   31.832936] cloud-init[1002]: ci-info: |   lo   | True |          ::1/128          |       .       |  host  |         .         |
[   31.833009] cloud-init[1002]: ci-info: +--------+------+---------------------------+---------------+--------+-------------------+
[   31.833090] cloud-init[1002]: ci-info: +++++++++++++++++++++++++++Route IPv4 info++++++++++++++++++++++++++++
[   31.833147] cloud-init[1002]: ci-info: +-------+-------------+----------+---------------+-----------+-------+
[   31.833203] cloud-init[1002]: ci-info: | Route | Destination | Gateway  |    Genmask    | Interface | Flags |
[   31.833259] cloud-init[1002]: ci-info: +-------+-------------+----------+---------------+-----------+-------+
[   31.833326] cloud-init[1002]: ci-info: |   0   |   0.0.0.0   | 10.0.2.2 |    0.0.0.0    |   enp0s3  |   UG  |
[   31.833381] cloud-init[1002]: ci-info: |   1   |   10.0.2.0  | 0.0.0.0  | 255.255.255.0 |   enp0s3  |   U   |
[   31.833436] cloud-init[1002]: ci-info: +-------+-------------+----------+---------------+-----------+-------+
[   31.833490] cloud-init[1002]: ci-info: +++++++++++++++++++Route IPv6 info+++++++++++++++++++
[   31.833545] cloud-init[1002]: ci-info: +-------+-------------+---------+-----------+-------+
[   31.833612] cloud-init[1002]: ci-info: | Route | Destination | Gateway | Interface | Flags |
[   31.833690] cloud-init[1002]: ci-info: +-------+-------------+---------+-----------+-------+
[   31.833778] cloud-init[1002]: ci-info: |   0   |  fe80::/64  |    ::   |   enp0s3  |   U   |
[   31.833852] cloud-init[1002]: ci-info: |   3   |   ff00::/8  |    ::   |   enp0s3  |   U   |
[   31.833924] cloud-init[1002]: ci-info: +-------+-------------+---------+-----------+-------+
[[0;32m  OK  [0m] Reached target System Initialization.
[[0;32m  OK  [0m] Listening on ACPID Listen Socket.
[[0;32m  OK  [0m] Listening on D-Bus System Message Bus Socket.
         Starting LXD - unix socket.
[[0;32m  OK  [0m] Started Daily Cleanup of Temporary Directories.
         Starting Socket activation for snappy daemon.
[[0;32m  OK  [0m] Started Daily apt download activities.
[[0;32m  OK  [0m] Started Daily apt upgrade and clean activities.
[[0;32m  OK  [0m] Listening on UUID daemon activation socket.
[[0;32m  OK  [0m] Reached target Timers.
[[0;32m  OK  [0m] Started ACPI Events Check.
[[0;32m  OK  [0m] Reached target Paths.
[[0;32m  OK  [0m] Reached target Cloud-config availability.
[[0;32m  OK  [0m] Reached target Network is Online.
         Starting iSCSI initiator daemon (iscsid)...
[[0;32m  OK  [0m] Listening on LXD - unix socket.
[[0;32m  OK  [0m] Listening on Socket activation for snappy daemon.
[[0;32m  OK  [0m] Reached target Sockets.
[[0;32m  OK  [0m] Reached target Basic System.
         Starting LSB: MD monitoring daemon...
         Starting Virtualbox guest utils...
         Starting System Logger Daemon...
[[0;32m  OK  [0m] Started Regular background program processing daemon.
         Starting Login Service...
         Starting LXD - container startup/shutdown...
         Starting /etc/rc.local Compatibility...
[[0;32m  OK  [0m] Started Deferred execution scheduler.
         Starting A high performance web server and a reverse proxy server...
         Starting MySQL Community Server...
[[0;32m  OK  [0m] Started ACPI event daemon.
[[0;32m  OK  [0m] Started FUSE filesystem for LXC.
[[0;32m  OK  [0m] Started D-Bus System Message Bus.
         Starting OpenBSD Secure Shell server...
[[0;32m  OK  [0m] Started Unattended Upgrades Shutdown.
         Starting LSB: Record successful boot for GRUB...
         Starting Accounts Service...
         Starting Snappy daemon...
         Starting The PHP 7.0 FastCGI Process Manager...
[[0;32m  OK  [0m] Started /etc/rc.local Compatibility.
[[0;32m  OK  [0m] Started Login Service.
[[0;32m  OK  [0m] Started iSCSI initiator daemon (iscsid).
         Starting Login to default iSCSI targets...
[[0;32m  OK  [0m] Started LSB: MD monitoring daemon.
[[0;32m  OK  [0m] Started LSB: Record successful boot for GRUB.
[[0;32m  OK  [0m] Started Login to default iSCSI targets.
[[0;32m  OK  [0m] Reached target Remote File Systems (Pre).
[[0;32m  OK  [0m] Reached target Remote File Systems.
         Starting LSB: Set the CPU Frequency Scaling governor to "ondemand"...
         Starting LSB: daemon to balance interrupts for SMP systems...
         Starting LSB: automatic crash report generation...
         Starting Permit User Sessions...
[[0;32m  OK  [0m] Started LSB: Set the CPU Frequency Scaling governor to "ondemand".
[[0;32m  OK  [0m] Started Permit User Sessions.
         Starting Hold until boot process finishes up...
         Starting Terminate Plymouth Boot Screen...
[[0;32m  OK  [0m] Started Hold until boot process finishes up.
[[0;32m  OK  [0m] Started Terminate Plymouth Boot Screen.
[[0;32m  OK  [0m] Started Getty on tty1.
         Starting Set console scheme...
[[0;32m  OK  [0m] Started Serial Getty on ttyS0.
[[0;32m  OK  [0m] Reached target Login Prompts.
[[0;32m  OK  [0m] Started LSB: daemon to balance interrupts for SMP systems.
[[0;32m  OK  [0m] Started Set console scheme.
[[0;32m  OK  [0m] Started LSB: automatic crash report generation.
[[0;32m  OK  [0m] Started OpenBSD Secure Shell server.
         Starting Authenticate and Authorize Users to Run Privileged Tasks...
[[0;32m  OK  [0m] Started Virtualbox guest utils.
[[0;32m  OK  [0m] Started Authenticate and Authorize Users to Run Privileged Tasks.
[[0;32m  OK  [0m] Started Accounts Service.
[[0;32m  OK  [0m] Started A high performance web server and a reverse proxy server.
[[0;32m  OK  [0m] Started LXD - container startup/shutdown.
[[0;32m  OK  [0m] Created slice User Slice of vagrant.
         Starting User Manager for UID 1000...
[[0;32m  OK  [0m] Started Session 1 of user vagrant.

Ubuntu 16.04.5 LTS ubuntu-xenial ttyS0

ubuntu-xenial login: [   46.387168] cloud-init[1386]: Cloud-init v. 18.4-0ubuntu1~16.04.2 running 'modules:config' at Tue, 25 Dec 2018 16:59:14 +0000. Up 45.76 seconds.
[   58.061025] cloud-init[1713]: Cloud-init v. 18.4-0ubuntu1~16.04.2 running 'modules:final' at Tue, 25 Dec 2018 16:59:26 +0000. Up 57.15 seconds.
[   58.061784] cloud-init[1713]: Cloud-init v. 18.4-0ubuntu1~16.04.2 finished at Tue, 25 Dec 2018 16:59:27 +0000. Datasource DataSourceNoCloud [seed=/dev/sdb][dsmode=net].  Up 58.04 seconds
         Stopping Autt         Stopping Serial Getty on ttyS0...
         Stopping OpenBSD Secure Shell server...
         Stopping D-Bus System Message Bus...
         Stopping A high performance web server and a reverse proxy server...
         Stopping FUSE filesystem for LXC...
         Stopping Deferred execution scheduler...
         Stopping LSB: Record successful boot for GRUB...
         Stopping System Logger Daemon...
         Stopping LXD - container startup/shutdown...
         Stopping LSB: Postfix Mail Transport Agent...
         Stopping Unattended Upgrades Shutdown...
         Stopping LSB: Set the CPU Frequency Scaling governor to "ondemand"...
         Stopping The PHP 7.0 FastCGI Process Manager...
[[0;32m  OK  [0m] Stopped Apply the settings specified in cloud-config.
[[0;32m  OK  [0m] Stopped target Cloud-config availability.
         Stopping Regular background program processing daemon...
         Stopping ACPI event daemon...
         Stopping LSB: automatic crash report generation...
[[0;32m  OK  [0m] Stopped Wait until snapd is fully seeded.
         Stopping Snappy daemon...
         Stopping Accounts Service...
         Stopping Virtualbox guest utils...
         Stopping LSB: MD monitoring daemon...
[[0;32m  OK  [0m] Unmounted /var/lib/lxcfs.
[[0;32m  OK  [0m] Stopped System Logger Daemon.
[[0;32m  OK  [0m] Stopped Regular background program processing daemon.
[[0;32m  OK  [0m] Stopped Deferred execution scheduler.
[[0;32m  OK  [0m] Stopped ACPI event daemon.
[[0;32m  OK  [0m] Stopped Accounts Service.
[[0;32m  OK  [0m] Stopped Snappy daemon.
[[0;32m  OK  [0m] Stopped Getty on tty1.
[[0;32m  OK  [0m] Stopped Serial Getty on ttyS0.
[[0;32m  OK  [0m] Stopped OpenBSD Secure Shell server.
[[0;32m  OK  [0m] Stopped Authenticate and Authorize Users to Run Privileged Tasks.
[[0;32m  OK  [0m] Stopped The PHP 7.0 FastCGI Process Manager.
[[0;32m  OK  [0m] Stopped User Manager for UID 1000.
[[0;32m  OK  [0m] Stopped Session 6 of user vagrant.
[[0;32m  OK  [0m] Stopped D-Bus System Message Bus.
[[0;32m  OK  [0m] Stopped A high performance web server and a reverse proxy server.
[[0;32m  OK  [0m] Stopped Unattended Upgrades Shutdown.
[[0;32m  OK  [0m] Stopped FUSE filesystem for LXC.
[[0;32m  OK  [0m] Stopped LSB: daemon to balance interrupts for SMP systems.
[[0;32m  OK  [0m] Stopped LSB: Record successful boot for GRUB.
[[0;32m  OK  [0m] Stopped LXD - container startup/shutdown.
[[0;32m  OK  [0m] Stopped LSB: Set the CPU Frequency Scaling governor to "ondemand".
[[0;32m  OK  [0m] Stopped LSB: MD monitoring daemon.
[[0;32m  OK  [0m] Stopped LSB: automatic crash report generation.
[[0;32m  OK  [0m] Stopped LSB: Postfix Mail Transport Agent.
[[0;32m  OK  [0m] Stopped Virtualbox guest utils.
         Stopping MySQL Community Server...
[[0;32m  OK  [0m] Stopped target System Time Synchronized.
[[0;32m  OK  [0m] Removed slice User Slice of vagrant.
         Stopping Login Service...
[[0;32m  OK  [0m] Removed slice system-serial\x2dgetty.slice.
[[0;32m  OK  [0m] Stopped /etc/rc.local Compatibility.
[[0;32m  OK  [0m] Removed slice system-getty.slice.
         Stopping Permit User Sessions...
[[0;32m  OK  [0m] Stopped Login Service.
[[0;32m  OK  [0m] Stopped Permit User Sessions.
[[0;32m  OK  [0m] Stopped target Remote File Systems.
[[0;32m  OK  [0m] Stopped target Remote File Systems (Pre).
         Stopping Login to default iSCSI targets...
[[0;32m  OK  [0m] Stopped target User and Group Name Lookups.
[[0;32m  OK  [0m] Stopped Login to default iSCSI targets.
         Stopping iSCSI initiator daemon (iscsid)...
[[0;32m  OK  [0m] Stopped iSCSI initiator daemon (iscsid).
[[0;32m  OK  [0m] Stopped target Network is Online.
[[0;32m  OK  [0m] Stopped MySQL Community Server.
[[0;32m  OK  [0m] Stopped target Network.
[[0;32m  OK  [0m] Stopped target Basic System.
[[0;32m  OK  [0m] Stopped target Slices.
[[0;32m  OK  [0m] Removed slice User and Session Slice.
[[0;32m  OK  [0m] Stopped target Paths.
[[0;32m  OK  [0m] Stopped Dispatch Password Requests to Console Directory Watch.
[[0;32m  OK  [0m] Stopped ACPI Events Check.
[[0;32m  OK  [0m] Stopped Forward Password Requests to Wall Directory Watch.
[[0;32m  OK  [0m] Stopped target Sockets.
[[0;32m  OK  [0m] Closed UUID daemon activation socket.
[[0;32m  OK  [0m] Closed LXD - unix socket.
[[0;32m  OK  [0m] Closed Socket activation for snappy daemon.
[[0;32m  OK  [0m] Closed ACPID Listen Socket.
[[0;32m  OK  [0m] Closed D-Bus System Message Bus Socket.
[[0;32m  OK  [0m] Stopped target System Initialization.
[[0;32m  OK  [0m] Stopped target Swap.
         Stopping Update UTMP about System Boot/Shutdown...
[[0;32m  OK  [0m] Stopped target Encrypted Volumes.
[[0;32m  OK  [0m] Stopped Initial cloud-init job (metadata service crawler).
         Stopping Raise network interfaces...
         Stopping Load/Save Random Seed...
[[0;32m  OK  [0m] Stopped Load/Save Random Seed.
[[0;32m  OK  [0m] Stopped Update UTMP about System Boot/Shutdown.
[[0;32m  OK  [0m] Stopped Create Volatile Files and Directories.
[[0;32m  OK  [0m] Stopped Raise network interfaces.
[[0;32m  OK  [0m] Stopped target Local File Systems.
         Unmounting /vagrant...
         Unmounting /run/user/1000...
[[0;32m  OK  [0m] Stopped Apply Kernel Variables.
[[0;32m  OK  [0m] Stopped Load Kernel Modules.
[[0;32m  OK  [0m] Stopped target Network (Pre).
[[0;32m  OK  [0m] Stopped Initial cloud-init job (pre-networking).
[[0;32m  OK  [0m] Unmounted /vagrant.
[[0;32m  OK  [0m] Unmounted /run/user/1000.
[[0;32m  OK  [0m] Reached target Unmount All Filesystems.
[[0;32m  OK  [0m] Stopped target Local File Systems (Pre).
[[0;32m  OK  [0m] Stopped Create Static Device Nodes in /dev.
[[0;32m  OK  [0m] Stopped Remount Root and Kernel File Systems.
[[0;32m  OK  [0m] Reached target Shutdown.
[ 3264.277111] reboot: Power down